<?xml version="1.0" encoding="UTF-8"?>
<!-- Generated by org.testng.reporters.JUnitXMLReporter -->
<testsuite ignored="0" hostname="SamSonali" failures="3" tests="7" name="Test" time="85.778" errors="0" timestamp="2025-07-13T21:03:26 BST">
  <testcase classname="TestCases.RoomReservationTest" name="checkAvailabilityTest_CheckOutDateLesserThanCheckInDate" time="1.268">
    <failure type="java.lang.AssertionError" message="Text not matching! expected [Check Out Date cannot be lesser than Check In Date] but found [Our Rooms]">
      <![CDATA[java.lang.AssertionError: Text not matching! expected [Check Out Date cannot be lesser than Check In Date] but found [Our Rooms]
at TestCases.RoomReservationTest.checkAvailabilityTest_CheckOutDateLesserThanCheckInDate(RoomReservationTest.java:216)
at java.base/java.util.ArrayList.forEach(ArrayList.java:1596)
... Removed 30 stack frames]]>
    </failure>
  </testcase> <!-- checkAvailabilityTest_CheckOutDateLesserThanCheckInDate -->
  <testcase classname="TestCases.RoomReservationTest" name="checkAvailabilityTest_backdatedCheckInAndCheckOutDate" time="1.001">
    <failure type="java.lang.AssertionError" message="Text not matching! expected [Check In date and Check Out date cannot be backdated.] but found [Our Rooms]">
      <![CDATA[java.lang.AssertionError: Text not matching! expected [Check In date and Check Out date cannot be backdated.] but found [Our Rooms]
at TestCases.RoomReservationTest.checkAvailabilityTest_backdatedCheckInAndCheckOutDate(RoomReservationTest.java:170)
at java.base/java.util.ArrayList.forEach(ArrayList.java:1596)
... Removed 30 stack frames]]>
    </failure>
  </testcase> <!-- checkAvailabilityTest_backdatedCheckInAndCheckOutDate -->
  <testcase classname="TestCases.RoomReservationTest" name="successfulRoomReservation" time="18.299"/>
  <testcase classname="TestCases.SendMessageTest" name="SendMessage_Successful" time="10.952"/>
  <testcase classname="TestCases.SendMessageTest" name="SendMessage_Unsuccessful_BlankName" time="10.884"/>
  <testcase classname="TestCases.SendMessageTest" name="SendMessage_Unsuccessful_NameContainsSpecialChar" time="20.77">
    <failure type="org.openqa.selenium.NoSuchElementException" message="no such element: Unable to locate element: {&amp;quot;method&amp;quot;:&amp;quot;css selector&amp;quot;,&amp;quot;selector&amp;quot;:&amp;quot;.alert-danger p&amp;quot;}
  (Session info: chrome=138.0.7204.101)
For documentation on this error, please visit: https://www.selenium.dev/documentation/webdriver/troubleshooting/errors#no-such-element-exception
Build info: version: &amp;apos;4.34.0&amp;apos;, revision: &amp;apos;707dcb4246*&amp;apos;
System info: os.name: &amp;apos;Windows 11&amp;apos;, os.arch: &amp;apos;amd64&amp;apos;, os.version: &amp;apos;10.0&amp;apos;, java.version: &amp;apos;21.0.6&amp;apos;
Driver info: org.openqa.selenium.chrome.ChromeDriver
Command: [3e4de70267bc6e322f7733c6bf8dd8a5, findElement {using=css selector, value=.alert-danger p}]
Capabilities {acceptInsecureCerts: false, browserName: chrome, browserVersion: 138.0.7204.101, chrome: {chromedriverVersion: 138.0.7204.94 (545025748884..., userDataDir: C:\Users\samra\AppData\Loca...}, fedcm:accounts: true, goog:chromeOptions: {debuggerAddress: localhost:62516}, networkConnectionEnabled: false, pageLoadStrategy: normal, platformName: windows, proxy: Proxy(), se:cdp: ws://localhost:62516/devtoo..., se:cdpVersion: 138.0.7204.101, setWindowRect: true, strictFileInteractability: false, timeouts: {implicit: 0, pageLoad: 300000, script: 30000}, unhandledPromptBehavior: dismiss and notify, webauthn:extension:credBlob: true, webauthn:extension:largeBlob: true, webauthn:extension:minPinLength: true, webauthn:extension:prf: true, webauthn:virtualAuthenticators: true}
Session ID: 3e4de70267bc6e322f7733c6bf8dd8a5">
      <![CDATA[org.openqa.selenium.NoSuchElementException: no such element: Unable to locate element: {"method":"css selector","selector":".alert-danger p"}
  (Session info: chrome=138.0.7204.101)
For documentation on this error, please visit: https://www.selenium.dev/documentation/webdriver/troubleshooting/errors#no-such-element-exception
Build info: version: '4.34.0', revision: '707dcb4246*'
System info: os.name: 'Windows 11', os.arch: 'amd64', os.version: '10.0', java.version: '21.0.6'
Driver info: org.openqa.selenium.chrome.ChromeDriver
Command: [3e4de70267bc6e322f7733c6bf8dd8a5, findElement {using=css selector, value=.alert-danger p}]
Capabilities {acceptInsecureCerts: false, browserName: chrome, browserVersion: 138.0.7204.101, chrome: {chromedriverVersion: 138.0.7204.94 (545025748884..., userDataDir: C:\Users\samra\AppData\Loca...}, fedcm:accounts: true, goog:chromeOptions: {debuggerAddress: localhost:62516}, networkConnectionEnabled: false, pageLoadStrategy: normal, platformName: windows, proxy: Proxy(), se:cdp: ws://localhost:62516/devtoo..., se:cdpVersion: 138.0.7204.101, setWindowRect: true, strictFileInteractability: false, timeouts: {implicit: 0, pageLoad: 300000, script: 30000}, unhandledPromptBehavior: dismiss and notify, webauthn:extension:credBlob: true, webauthn:extension:largeBlob: true, webauthn:extension:minPinLength: true, webauthn:extension:prf: true, webauthn:virtualAuthenticators: true}
Session ID: 3e4de70267bc6e322f7733c6bf8dd8a5
at org.openqa.selenium.remote.ErrorCodec.decode(ErrorCodec.java:167)
at org.openqa.selenium.remote.codec.w3c.W3CHttpResponseCodec.decode(W3CHttpResponseCodec.java:138)
at org.openqa.selenium.remote.codec.w3c.W3CHttpResponseCodec.decode(W3CHttpResponseCodec.java:50)
at org.openqa.selenium.remote.HttpCommandExecutor.execute(HttpCommandExecutor.java:215)
at org.openqa.selenium.remote.service.DriverCommandExecutor.invokeExecute(DriverCommandExecutor.java:216)
at org.openqa.selenium.remote.service.DriverCommandExecutor.execute(DriverCommandExecutor.java:174)
at org.openqa.selenium.remote.RemoteWebDriver.execute(RemoteWebDriver.java:544)
at org.openqa.selenium.remote.ElementLocation$ElementFinder$2.findElement(ElementLocation.java:165)
at org.openqa.selenium.remote.ElementLocation.findElement(ElementLocation.java:59)
at org.openqa.selenium.remote.RemoteWebDriver.findElement(RemoteWebDriver.java:367)
at org.openqa.selenium.remote.RemoteWebDriver.findElement(RemoteWebDriver.java:361)
at org.openqa.selenium.support.pagefactory.DefaultElementLocator.findElement(DefaultElementLocator.java:68)
at org.openqa.selenium.support.pagefactory.internal.LocatingElementHandler.invoke(LocatingElementHandler.java:38)
at jdk.proxy2/jdk.proxy2.$Proxy16.getText(Unknown Source)
at PageObject.LandingPage.validateErrorMessage(LandingPage.java:313)
at TestCases.SendMessageTest.SendMessage_Unsuccessful_NameContainsSpecialChar(SendMessageTest.java:121)
at java.base/java.util.ArrayList.forEach(ArrayList.java:1596)
... Removed 28 stack frames]]>
    </failure>
  </testcase> <!-- SendMessage_Unsuccessful_NameContainsSpecialChar -->
  <testcase classname="TestCases.SendMessageTest" name="SendMessage_Unsuccessful_WrongEmailFormat" time="10.879"/>
</testsuite> <!-- Test -->
